0.458281   -0.421344   -0.366492
0.415153   0.0286655   -0.236741
-0.36453   0.475141   -0.183432
-0.00443276   -0.100691   0.177553
-0.333089   -0.37486   -0.423244
0.0207986   0.464175   -0.0363972
0.311212   -0.0586531   -0.218944
0.359273   -0.177877   0.242405
0.330561   0.0168659   -0.389769
0.197177   -0.164194   -0.359374
-0.276008   0.0102258   -0.341441
0.441908   -0.340899   0.0214754
0.00376791   -0.439387   -0.0464535
-0.00710104   -0.17776   -0.0770811
-0.0383235   0.364557   0.414731
0.455742   0.0681197   0.213621
0.0931401   0.402649   0.239257
0.447414   0.294356   0.167578
-0.388049   0.288611   -0.125998
-0.267058   -0.0328716   -0.483742
0.254977   -0.265722   0.444244
0.300311   -0.0802263   0.278683
0.289391   -0.132594   0.491099
0.00612945   -0.320799   0.285767
-0.261975   -0.0692617   0.285354
0.00169942   0.02976   -0.36171
0.0736643   -0.404403   0.0470402
-0.222554   -0.352164   0.487806
-0.0693248   0.440421   0.164446
-0.391631   -0.329498   0.252456
0.396607   0.0350245   0.284032
-0.162833   -0.307725   -0.281023
-0.194615   0.293168   -0.062507
-0.341565   0.229417   0.433574
-0.0222036   -0.344648   -0.413587
0.0554469   0.224173   0.459656
0.424857   0.398899   0.373879
0.172856   -0.220828   -0.160722
0.0853798   0.117291   0.0984391
0.273146   0.0658581   -0.33521
-0.294308   0.0813111   -0.0902416
0.286642   -0.414169   0.262768
0.308186   0.226289   -0.298632
-0.0608953   -0.367384   0.383696
0.479148   -0.0623521   -0.38994
0.468726   -0.436938   0.488117
0.200474   0.160178   0.153363
0.414067   -0.428631   0.336668
-0.323154   0.407819   -0.224091
-0.197939   0.00901436   -0.0893101
0.492575   0.46899   0.393631
-0.3735   0.301701   0.404399
-0.279268   0.176298   0.0731849
-0.45426   -0.465492   0.4032
-0.0936244   0.207441   0.279461
-0.345091   -0.159876   0.341443
-0.453189   -0.0870762   -0.321838
-0.33173   0.3726   -0.104888
0.373234   0.324263   -0.418961
-0.19892   0.0130017   -0.262326
0.152978   0.00311969   0.451622
-0.0791949   -0.24977   -0.290045
-0.34002   -0.0476426   0.241713
-0.213263   -0.190365   0.0631067
-0.321281   -0.422636   0.415364
-0.101531   -0.150479   -0.315081
0.297427   -0.254466   0.214816
-0.0284166   -0.192904   -0.259232
-0.0190815   0.406045   0.321785
-0.00904068   -0.023763   0.0625905
0.227383   -0.389024   -0.0188739
0.240049   -0.486846   0.468846
0.108859   0.286606   -0.36237
-0.343596   0.398014   0.360919
-0.280158   0.449896   -0.140087
0.466889   -0.379385   -0.251774
-0.0156774   -0.225166   0.277562
-0.0915335   -0.247231   -0.169743
-0.472494   0.485121   -0.455908
0.329054   -0.111122   -0.28313
-0.0767723   -0.40463   -0.379279
0.176447   -0.13412   0.446142
0.347119   -0.457808   -0.119541
-0.384009   -0.0742921   -0.247832
0.00893144   -0.347436   -0.129618
-0.184941   0.381269   0.386386
0.287188   0.173312   -0.0746938
0.471547   -0.456601   -0.300518
-0.473136   -0.482437   -0.112234
-0.0416165   0.421505   -0.0807622
-0.229081   0.439452   -0.031057
0.372911   0.124812   0.296648
-0.396167   0.384786   0.285245
-0.172086   -0.223641   0.325905
-0.403655   0.384177   -0.179067
-0.191309   0.203879   0.0144057
0.122498   0.400057   0.0697207
0.00597571   -0.277855   -0.44226
-0.0863628   0.44729   0.267394
0.484653   -0.475886   0.221212
-0.336828   -0.233428   0.306687
-0.0162078   0.286609   -0.322932
0.279525   0.13138   0.253274
-0.0446997   -0.126863   0.330972
0.47668   0.166746   0.408254
-0.315146   0.0946289   0.471466
0.203777   -0.186525   -0.467215
-0.169102   0.270152   0.305818
