1 0.799427 0.613357 -0.427464 0
2 0.799427 0.613357 -0.393929 0.0335352
3 0.799427 0.613357 -0.460573 0.0694
4 0.799427 0.613357 -0.466222 0.0493972
5 0.799427 0.613357 -0.452376 0.0406913
6 0.799427 0.613357 -0.458503 0.0337845
7 0.799427 0.613357 -0.459267 0.0285634
8 0.799427 0.613357 -0.464339 0.0252514
9 0.799427 0.613357 -0.458607 0.0229955
10 0.799427 0.613357 -0.454935 0.0208931
11 0.799427 0.613357 -0.46312 0.020595
12 0.799427 0.613357 -0.470198 0.0200887
13 0.799427 0.613357 -0.468788 0.0185326
14 0.799427 0.613357 -0.46454 0.017676
15 0.799427 0.613357 -0.468315 0.016883
16 0.799427 0.613357 -0.462874 0.0167037
17 0.799427 0.613357 -0.461777 0.0157287
18 0.799427 0.613357 -0.462811 0.0148652
19 0.799427 0.613357 -0.464327 0.0141425
20 0.799427 0.613357 -0.460025 0.0140897
21 0.799427 0.613357 -0.459178 0.0134287
22 0.799427 0.613357 -0.458638 0.0128151
23 0.799427 0.613357 -0.460133 0.0123362
24 0.799427 0.613357 -0.458727 0.0118944
25 0.799427 0.613357 -0.457985 0.0114328
26 0.799427 0.613357 -0.458307 0.010989
27 0.799427 0.613357 -0.458267 0.0105743
28 0.799427 0.613357 -0.453433 0.0112782
29 0.799427 0.613357 -0.452143 0.0109586
30 0.799427 0.613357 -0.450833 0.0106677
31 0.799427 0.613357 -0.450572 0.0103212
32 0.799427 0.613357 -0.451415 0.0100289
33 0.799427 0.613357 -0.449252 0.00995797
34 0.799427 0.613357 -0.447836 0.00976386
35 0.799427 0.613357 -0.447373 0.00949211
36 0.799427 0.613357 -0.44777 0.00923323
37 0.799427 0.613357 -0.448484 0.00900855
38 0.799427 0.613357 -0.448075 0.00877784
39 0.799427 0.613357 -0.44734 0.00858129
40 0.799427 0.613357 -0.447342 0.00836401
41 0.799427 0.613357 -0.447282 0.00815768
42 0.799427 0.613357 -0.449111 0.00816844
43 0.799427 0.613357 -0.449468 0.00798421
44 0.799427 0.613357 -0.449868 0.0078109
45 0.799427 0.613357 -0.449798 0.00763567
46 0.799427 0.613357 -0.449198 0.00749191
47 0.799427 0.613357 -0.449408 0.00733376
48 0.799427 0.613357 -0.450063 0.00720917
49 0.799427 0.613357 -0.44921 0.00711186
50 0.799427 0.613357 -0.448413 0.00701359
51 0.799427 0.613357 -0.447517 0.00693278
52 0.799427 0.613357 -0.443902 0.00769965
53 0.799427 0.613357 -0.445036 0.00763758
54 0.799427 0.613357 -0.445645 0.00751953
55 0.799427 0.613357 -0.446217 0.0074037
56 0.799427 0.613357 -0.445169 0.00734551
57 0.799427 0.613357 -0.446925 0.00742613
58 0.799427 0.613357 -0.444563 0.00766968
59 0.799427 0.613357 -0.444355 0.00754144
60 0.799427 0.613357 -0.444143 0.0074177
61 0.799427 0.613357 -0.443232 0.00735175
62 0.799427 0.613357 -0.442942 0.00723802
63 0.799427 0.613357 -0.443292 0.00713077
64 0.799427 0.613357 -0.444204 0.00707751
65 0.799427 0.613357 -0.442797 0.00710838
66 0.799427 0.613357 -0.442343 0.00701453
67 0.799427 0.613357 -0.443796 0.00706018
68 0.799427 0.613357 -0.442993 0.00700179
69 0.799427 0.613357 -0.443684 0.00693405
70 0.799427 0.613357 -0.444185 0.00685265
71 0.799427 0.613357 -0.444529 0.00676416
72 0.799427 0.613357 -0.444208 0.00667725
73 0.799427 0.613357 -0.445527 0.00671601
74 0.799427 0.613357 -0.446444 0.00668774
75 0.799427 0.613357 -0.444857 0.00678607
76 0.799427 0.613357 -0.445364 0.0067153
77 0.799427 0.613357 -0.444919 0.00664245
78 0.799427 0.613357 -0.44569 0.00660194
79 0.799427 0.613357 -0.445793 0.00651866
80 0.799427 0.613357 -0.445938 0.00643828
81 0.799427 0.613357 -0.446126 0.00636107
82 0.799427 0.613357 -0.445657 0.00630044
83 0.799427 0.613357 -0.445828 0.00622639
84 0.799427 0.613357 -0.446077 0.00615687
85 0.799427 0.613357 -0.446561 0.00610323
86 0.799427 0.613357 -0.445723 0.00608976
87 0.799427 0.613357 -0.446499 0.00606919
88 0.799427 0.613357 -0.446418 0.00600037
89 0.799427 0.613357 -0.446192 0.00593687
90 0.799427 0.613357 -0.446249 0.00587081
91 0.799427 0.613357 -0.446235 0.00580595
92 0.799427 0.613357 -0.446651 0.00575756
93 0.799427 0.613357 -0.447571 0.0057691
94 0.799427 0.613357 -0.447059 0.00573025
95 0.799427 0.613357 -0.445954 0.00577646
96 0.799427 0.613357 -0.445792 0.00571825
97 0.799427 0.613357 -0.445798 0.005659
98 0.799427 0.613357 -0.445986 0.00560412
99 0.799427 0.613357 -0.446141 0.00554937
100 0.799427 0.613357 -0.44647 0.00550345
101 0.799427 0.613357 -0.445187 0.00559776
102 0.799427 0.613357 -0.445295 0.00554368
103 0.799427 0.613357 -0.445504 0.00549355
104 0.799427 0.613357 -0.445454 0.00544069
105 0.799427 0.613357 -0.445186 0.00539532
106 0.799427 0.613357 -0.445023 0.00534665
107 0.799427 0.613357 -0.445621 0.00533006
108 0.799427 0.613357 -0.445165 0.00530015
109 0.799427 0.613357 -0.445083 0.00525194
110 0.799427 0.613357 -0.445962 0.00527768
111 0.799427 0.613357 -0.445771 0.0052334
112 0.799427 0.613357 -0.445308 0.00520709
113 0.799427 0.613357 -0.445095 0.00516521
114 0.799427 0.613357 -0.444864 0.0051249
115 0.799427 0.613357 -0.444658 0.00508431
116 0.799427 0.613357 -0.444352 0.00504954
117 0.799427 0.613357 -0.444129 0.0050112
118 0.799427 0.613357 -0.443703 0.00498677
119 0.799427 0.613357 -0.444113 0.00496166
120 0.799427 0.613357 -0.444049 0.00492055
121 0.799427 0.613357 -0.443406 0.00492191
122 0.799427 0.613357 -0.443371 0.00488152
123 0.799427 0.613357 -0.443549 0.00484495
124 0.799427 0.613357 -0.443394 0.00480823
125 0.799427 0.613357 -0.443174 0.00477466
126 0.799427 0.613357 -0.44311 0.00473704
127 0.799427 0.613357 -0.442951 0.00470228
128 0.799427 0.613357 -0.443372 0.00468435
129 0.799427 0.613357 -0.443374 0.0046479
130 0.799427 0.613357 -0.442584 0.00467916
131 0.799427 0.613357 -0.442989 0.00466088
132 0.799427 0.613357 -0.443217 0.00463108
133 0.799427 0.613357 -0.443109 0.00459741
134 0.799427 0.613357 -0.442776 0.00457509
135 0.799427 0.613357 -0.442689 0.0045419
136 0.799427 0.613357 -0.443032 0.0045214
137 0.799427 0.613357 -0.44302 0.00448829
138 0.799427 0.613357 -0.443203 0.00445939
139 0.799427 0.613357 -0.44341 0.00443206
140 0.799427 0.613357 -0.44278 0.00444524
141 0.799427 0.613357 -0.442729 0.00441389
142 0.799427 0.613357 -0.442885 0.00438546
143 0.799427 0.613357 -0.442527 0.0043694
144 0.799427 0.613357 -0.442588 0.00433938
145 0.799427 0.613357 -0.443013 0.00433032
146 0.799427 0.613357 -0.442524 0.00432834
147 0.799427 0.613357 -0.442623 0.00429994
148 0.799427 0.613357 -0.442517 0.00427209
149 0.799427 0.613357 -0.442368 0.00424593
150 0.799427 0.613357 -0.441572 0.00429209
151 0.799427 0.613357 -0.44189 0.00427539
152 0.799427 0.613357 -0.442158 0.00425567
153 0.799427 0.613357 -0.442193 0.0042279
154 0.799427 0.613357 -0.442407 0.00420582
155 0.799427 0.613357 -0.442205 0.00418349
156 0.799427 0.613357 -0.442192 0.00415661
157 0.799427 0.613357 -0.442238 0.0041303
158 0.799427 0.613357 -0.442521 0.0041138
159 0.799427 0.613357 -0.442802 0.00409751
160 0.799427 0.613357 -0.443273 0.00409894
161 0.799427 0.613357 -0.443413 0.00407581
162 0.799427 0.613357 -0.443714 0.00406176
163 0.799427 0.613357 -0.444082 0.00405344
164 0.799427 0.613357 -0.444037 0.00402889
165 0.799427 0.613357 -0.444351 0.00401664
166 0.799427 0.613357 -0.443668 0.00405041
167 0.799427 0.613357 -0.44346 0.00403143
168 0.799427 0.613357 -0.443483 0.00400743
169 0.799427 0.613357 -0.443421 0.00398415
170 0.799427 0.613357 -0.44368 0.00396915
171 0.799427 0.613357 -0.444209 0.0039811
172 0.799427 0.613357 -0.444202 0.00395789
173 0.799427 0.613357 -0.44436 0.00393813
174 0.799427 0.613357 -0.444435 0.00391615
175 0.799427 0.613357 -0.444296 0.0038962
176 0.799427 0.613357 -0.444284 0.00387401
177 0.799427 0.613357 -0.444228 0.00385247
178 0.799427 0.613357 -0.443956 0.0038404
179 0.799427 0.613357 -0.44408 0.00382088
180 0.799427 0.613357 -0.44433 0.00380781
181 0.799427 0.613357 -0.444508 0.0037909
182 0.799427 0.613357 -0.444628 0.00377192
183 0.799427 0.613357 -0.444964 0.00376626
184 0.799427 0.613357 -0.445291 0.00376002
185 0.799427 0.613357 -0.445554 0.00374884
186 0.799427 0.613357 -0.444915 0.00378292
187 0.799427 0.613357 -0.445019 0.00376407
188 0.799427 0.613357 -0.445394 0.00376278
189 0.799427 0.613357 -0.445209 0.0037474
190 0.799427 0.613357 -0.445231 0.00372769
191 0.799427 0.613357 -0.44534 0.00370972
192 0.799427 0.613357 -0.44533 0.00369036
193 0.799427 0.613357 -0.445157 0.00367524
194 0.799427 0.613357 -0.445224 0.00365685
195 0.799427 0.613357 -0.444508 0.0037078
196 0.799427 0.613357 -0.444585 0.00368962
197 0.799427 0.613357 -0.444756 0.00367485
198 0.799427 0.613357 -0.444512 0.00366437
199 0.799427 0.613357 -0.444281 0.00365321
200 0.799427 0.613357 -0.444469 0.00363971
201 0.799427 0.613357 -0.444395 0.00362231
202 0.799427 0.613357 -0.444401 0.00360434
203 0.799427 0.613357 -0.444734 0.00360201
204 0.799427 0.613357 -0.444823 0.00358542
205 0.799427 0.613357 -0.444906 0.00356885
206 0.799427 0.613357 -0.444838 0.00355213
207 0.799427 0.613357 -0.444793 0.00353521
208 0.799427 0.613357 -0.444668 0.00352042
209 0.799427 0.613357 -0.444717 0.00350387
210 0.799427 0.613357 -0.444766 0.0034875
211 0.799427 0.613357 -0.445028 0.00348085
212 0.799427 0.613357 -0.445129 0.00346585
213 0.799427 0.613357 -0.444546 0.0034985
214 0.799427 0.613357 -0.444542 0.00348212
215 0.799427 0.613357 -0.44456 0.00346593
216 0.799427 0.613357 -0.444899 0.00346649
217 0.799427 0.613357 -0.445265 0.00346987
218 0.799427 0.613357 -0.445285 0.00345397
219 0.799427 0.613357 -0.445174 0.00343993
220 0.799427 0.613357 -0.445255 0.00342522
221 0.799427 0.613357 -0.445495 0.0034181
222 0.799427 0.613357 -0.445299 0.00340832
223 0.799427 0.613357 -0.445527 0.00340066
224 0.799427 0.613357 -0.445399 0.00338786
225 0.799427 0.613357 -0.44522 0.00337752
226 0.799427 0.613357 -0.445243 0.00336262
227 0.799427 0.613357 -0.44497 0.00335886
228 0.799427 0.613357 -0.443627 0.0036039
229 0.799427 0.613357 -0.443993 0.00360675
230 0.799427 0.613357 -0.443956 0.00359122
231 0.799427 0.613357 -0.443958 0.00357564
232 0.799427 0.613357 -0.444042 0.00356117
233 0.799427 0.613357 -0.444338 0.00355821
234 0.799427 0.613357 -0.444011 0.00355801
235 0.799427 0.613357 -0.444032 0.0035429
236 0.799427 0.613357 -0.444185 0.00353118
237 0.799427 0.613357 -0.444378 0.00352153
238 0.799427 0.613357 -0.444514 0.00350935
239 0.799427 0.613357 -0.444592 0.00349551
240 0.799427 0.613357 -0.44461 0.00348096
241 0.799427 0.613357 -0.444488 0.00346863
242 0.799427 0.613357 -0.444618 0.00345671
243 0.799427 0.613357 -0.444901 0.00345407
244 0.799427 0.613357 -0.444987 0.00344096
245 0.799427 0.613357 -0.444456 0.00346776
246 0.799427 0.613357 -0.444599 0.00345658
247 0.799427 0.613357 -0.444737 0.00344533
248 0.799427 0.613357 -0.444785 0.00343175
249 0.799427 0.613357 -0.444609 0.00342249
250 0.799427 0.613357 -0.444303 0.00342242
251 0.799427 0.613357 -0.444253 0.00340913
252 0.799427 0.613357 -0.444445 0.00340102
253 0.799427 0.613357 -0.443813 0.00344596
254 0.799427 0.613357 -0.444135 0.00344739
255 0.799427 0.613357 -0.443891 0.00344252
256 0.799427 0.613357 -0.443804 0.00343014
257 0.799427 0.613357 -0.443556 0.00342577
258 0.799427 0.613357 -0.443737 0.00341727
259 0.799427 0.613357 -0.443676 0.00340458
260 0.799427 0.613357 -0.443685 0.00339148
261 0.799427 0.613357 -0.443788 0.00338003
262 0.799427 0.613357 -0.443887 0.00336856
263 0.799427 0.613357 -0.443931 0.00335601
264 0.799427 0.613357 -0.44421 0.0033549
265 0.799427 0.613357 -0.443887 0.00335776
266 0.799427 0.613357 -0.443917 0.00334525
267 0.799427 0.613357 -0.444092 0.0033373
268 0.799427 0.613357 -0.444254 0.00332874
269 0.799427 0.613357 -0.444404 0.00331974
270 0.799427 0.613357 -0.444329 0.00330826
271 0.799427 0.613357 -0.444184 0.00329922
272 0.799427 0.613357 -0.444203 0.00328712
273 0.799427 0.613357 -0.444101 0.00327665
274 0.799427 0.613357 -0.444394 0.00327782
275 0.799427 0.613357 -0.444437 0.00326616
276 0.799427 0.613357 -0.444529 0.00325562
277 0.799427 0.613357 -0.444515 0.00324388
278 0.799427 0.613357 -0.444535 0.00323225
279 0.799427 0.613357 -0.444814 0.00323266
280 0.799427 0.613357 -0.444974 0.00322509
281 0.799427 0.613357 -0.444624 0.00323261
282 0.799427 0.613357 -0.44457 0.00322159
283 0.799427 0.613357 -0.444374 0.00321617
284 0.799427 0.613357 -0.444512 0.00320779
285 0.799427 0.613357 -0.444447 0.00319717
286 0.799427 0.613357 -0.444392 0.00318644
287 0.799427 0.613357 -0.444454 0.00317591
288 0.799427 0.613357 -0.444563 0.00316674
289 0.799427 0.613357 -0.444627 0.00315642
290 0.799427 0.613357 -0.444921 0.00315922
291 0.799427 0.613357 -0.445025 0.00315007
292 0.799427 0.613357 -0.444982 0.00313957
293 0.799427 0.613357 -0.445169 0.00313441
294 0.799427 0.613357 -0.445222 0.00312419
295 0.799427 0.613357 -0.445642 0.00314169
296 0.799427 0.613357 -0.44524 0.00315674
297 0.799427 0.613357 -0.444872 0.00316755
298 0.799427 0.613357 -0.445063 0.00316268
299 0.799427 0.613357 -0.445095 0.00315225
300 0.799427 0.613357 -0.445317 0.00314953
301 0.799427 0.613357 -0.445274 0.00313934
302 0.799427 0.613357 -0.445231 0.00312922
303 0.799427 0.613357 -0.445363 0.00312165
304 0.799427 0.613357 -0.445402 0.00311161
305 0.799427 0.613357 -0.445504 0.00310307
306 0.799427 0.613357 -0.445348 0.00309686
307 0.799427 0.613357 -0.445466 0.00308905
308 0.799427 0.613357 -0.445477 0.00307902
309 0.799427 0.613357 -0.445313 0.00307344
310 0.799427 0.613357 -0.445029 0.00307661
311 0.799427 0.613357 -0.445187 0.00307075
312 0.799427 0.613357 -0.445066 0.00306326
313 0.799427 0.613357 -0.44504 0.00305357
314 0.799427 0.613357 -0.444953 0.00304509
315 0.799427 0.613357 -0.444934 0.00303546
316 0.799427 0.613357 -0.444825 0.00302781
317 0.799427 0.613357 -0.444725 0.00301989
318 0.799427 0.613357 -0.4447 0.00301049
319 0.799427 0.613357 -0.444699 0.00300104
320 0.799427 0.613357 -0.444616 0.00299278
321 0.799427 0.613357 -0.444832 0.00299124
322 0.799427 0.613357 -0.44508 0.00299221
323 0.799427 0.613357 -0.444681 0.00300953
324 0.799427 0.613357 -0.444647 0.00300041
325 0.799427 0.613357 -0.444793 0.00299473
326 0.799427 0.613357 -0.444519 0.00299811
327 0.799427 0.613357 -0.44457 0.00298937
328 0.799427 0.613357 -0.444517 0.00298072
329 0.799427 0.613357 -0.444729 0.00297919
330 0.799427 0.613357 -0.444841 0.00297226
331 0.799427 0.613357 -0.445212 0.00298645
332 0.799427 0.613357 -0.445446 0.00298656
333 0.799427 0.613357 -0.445268 0.00298284
334 0.799427 0.613357 -0.44497 0.0029888
335 0.799427 0.613357 -0.444838 0.00298279
336 0.799427 0.613357 -0.445053 0.00298161
337 0.799427 0.613357 -0.444511 0.00302171
338 0.799427 0.613357 -0.444506 0.00301276
339 0.799427 0.613357 -0.444496 0.00300388
340 0.799427 0.613357 -0.44444 0.00299556
341 0.799427 0.613357 -0.444296 0.00299019
342 0.799427 0.613357 -0.4443 0.00298144
343 0.799427 0.613357 -0.444169 0.00297562
344 0.799427 0.613357 -0.444169 0.00296695
345 0.799427 0.613357 -0.444095 0.00295926
346 0.799427 0.613357 -0.44389 0.00295785
347 0.799427 0.613357 -0.444179 0.0029635
348 0.799427 0.613357 -0.444158 0.00295505
349 0.799427 0.613357 -0.444142 0.00294662
350 0.799427 0.613357 -0.44366 0.00297737
351 0.799427 0.613357 -0.442346 0.00324664
352 0.799427 0.613357 -0.442493 0.00324073
353 0.799427 0.613357 -0.442556 0.00323215
354 0.799427 0.613357 -0.442641 0.00322413
355 0.799427 0.613357 -0.44186 0.00330865
356 0.799427 0.613357 -0.441795 0.00329997
357 0.799427 0.613357 -0.441823 0.00329083
358 0.799427 0.613357 -0.441985 0.00328564
359 0.799427 0.613357 -0.442029 0.00327676
360 0.799427 0.613357 -0.442 0.00326778
361 0.799427 0.613357 -0.441879 0.00326095
362 0.799427 0.613357 -0.441964 0.00325304
363 0.799427 0.613357 -0.442104 0.0032471
364 0.799427 0.613357 -0.442101 0.00323817
365 0.799427 0.613357 -0.442003 0.00323075
366 0.799427 0.613357 -0.442019 0.00322195
367 0.799427 0.613357 -0.441751 0.00322433
368 0.799427 0.613357 -0.441853 0.00321717
369 0.799427 0.613357 -0.441733 0.00321071
370 0.799427 0.613357 -0.441734 0.00320202
371 0.799427 0.613357 -0.441955 0.00320098
372 0.799427 0.613357 -0.441741 0.00319953
373 0.799427 0.613357 -0.441692 0.00319131
374 0.799427 0.613357 -0.44177 0.00318371
375 0.799427 0.613357 -0.441686 0.00317632
376 0.799427 0.613357 -0.441778 0.0031692
377 0.799427 0.613357 -0.441808 0.00316093
378 0.799427 0.613357 -0.44186 0.00315298
379 0.799427 0.613357 -0.441954 0.00314606
380 0.799427 0.613357 -0.441885 0.00313854
381 0.799427 0.613357 -0.441834 0.0031307
382 0.799427 0.613357 -0.44186 0.00312261
383 0.799427 0.613357 -0.441881 0.00311451
384 0.799427 0.613357 -0.442001 0.0031087
385 0.799427 0.613357 -0.441889 0.00310265
386 0.799427 0.613357 -0.442115 0.00310284
387 0.799427 0.613357 -0.44216 0.00309513
388 0.799427 0.613357 -0.442137 0.00308723
389 0.799427 0.613357 -0.442082 0.00307977
390 0.799427 0.613357 -0.442096 0.0030719
391 0.799427 0.613357 -0.441956 0.00306724
392 0.799427 0.613357 -0.441936 0.00305947
393 0.799427 0.613357 -0.44189 0.00305202
394 0.799427 0.613357 -0.441829 0.00304489
395 0.799427 0.613357 -0.442164 0.00305568
396 0.799427 0.613357 -0.442232 0.00304869
397 0.799427 0.613357 -0.442029 0.00304774
398 0.799427 0.613357 -0.442026 0.00304008
399 0.799427 0.613357 -0.441796 0.00304114
400 0.799427 0.613357 -0.442002 0.00304055
401 0.799427 0.613357 -0.442049 0.00303332
402 0.799427 0.613357 -0.441991 0.00302633
403 0.799427 0.613357 -0.441995 0.00301882
404 0.799427 0.613357 -0.441995 0.00301134
405 0.799427 0.613357 -0.442071 0.00300484
406 0.799427 0.613357 -0.441998 0.00299832
407 0.799427 0.613357 -0.441923 0.00299188
408 0.799427 0.613357 -0.441995 0.00298542
409 0.799427 0.613357 -0.441987 0.00297812
410 0.799427 0.613357 -0.442275 0.0029848
411 0.799427 0.613357 -0.442306 0.00297769
412 0.799427 0.613357 -0.44234 0.00297065
413 0.799427 0.613357 -0.442401 0.00296408
414 0.799427 0.613357 -0.442378 0.002957
415 0.799427 0.613357 -0.442126 0.00296067
416 0.799427 0.613357 -0.442142 0.00295359
417 0.799427 0.613357 -0.442143 0.00294649
418 0.799427 0.613357 -0.442099 0.00293977
419 0.799427 0.613357 -0.442117 0.0029328
420 0.799427 0.613357 -0.442359 0.00293579
421 0.799427 0.613357 -0.442349 0.00292882
422 0.799427 0.613357 -0.442277 0.00292275
423 0.799427 0.613357 -0.442462 0.0029217
424 0.799427 0.613357 -0.442571 0.0029168
425 0.799427 0.613357 -0.44258 0.00290995
426 0.799427 0.613357 -0.442702 0.00290566
427 0.799427 0.613357 -0.442745 0.00289917
428 0.799427 0.613357 -0.442764 0.00289245
429 0.799427 0.613357 -0.442701 0.00288638
430 0.799427 0.613357 -0.442679 0.00287974
431 0.799427 0.613357 -0.442597 0.00287425
432 0.799427 0.613357 -0.442649 0.00286807
433 0.799427 0.613357 -0.44276 0.00286359
434 0.799427 0.613357 -0.442964 0.00286422
435 0.799427 0.613357 -0.442889 0.00285859
436 0.799427 0.613357 -0.442734 0.00285628
437 0.799427 0.613357 -0.442903 0.00285477
438 0.799427 0.613357 -0.442916 0.00284828
439 0.799427 0.613357 -0.442925 0.0028418
440 0.799427 0.613357 -0.442893 0.00283551
441 0.799427 0.613357 -0.443066 0.00283435
442 0.799427 0.613357 -0.443093 0.00282806
443 0.799427 0.613357 -0.443279 0.00282781
444 0.799427 0.613357 -0.443482 0.00282874
445 0.799427 0.613357 -0.443606 0.00282508
446 0.799427 0.613357 -0.443686 0.00281987
447 0.799427 0.613357 -0.443787 0.00281539
448 0.799427 0.613357 -0.443719 0.00280994
449 0.799427 0.613357 -0.443627 0.00280517
450 0.799427 0.613357 -0.443708 0.00280009
451 0.799427 0.613357 -0.44353 0.00279949
452 0.799427 0.613357 -0.443505 0.00279341
453 0.799427 0.613357 -0.443366 0.00279066
454 0.799427 0.613357 -0.443289 0.00278557
455 0.799427 0.613357 -0.443245 0.0027798
456 0.799427 0.613357 -0.443339 0.00277528
457 0.799427 0.613357 -0.443219 0.00277181
458 0.799427 0.613357 -0.443117 0.00276762
459 0.799427 0.613357 -0.44317 0.0027621
460 0.799427 0.613357 -0.443224 0.0027566
461 0.799427 0.613357 -0.443154 0.00275149
462 0.799427 0.613357 -0.443319 0.00275045
463 0.799427 0.613357 -0.443416 0.00274622
464 0.799427 0.613357 -0.443525 0.00274249
465 0.799427 0.613357 -0.443564 0.00273686
466 0.799427 0.613357 -0.443604 0.00273128
467 0.799427 0.613357 -0.443664 0.00272609
468 0.799427 0.613357 -0.443759 0.0027219
469 0.799427 0.613357 -0.443947 0.00272259
470 0.799427 0.613357 -0.444038 0.00271831
471 0.799427 0.613357 -0.443941 0.00271428
472 0.799427 0.613357 -0.44401 0.00270941
473 0.799427 0.613357 -0.444026 0.00270372
474 0.799427 0.613357 -0.443814 0.00270635
475 0.799427 0.613357 -0.443813 0.00270064
476 0.799427 0.613357 -0.443554 0.00270738
477 0.799427 0.613357 -0.443489 0.0027025
478 0.799427 0.613357 -0.443477 0.00269687
479 0.799427 0.613357 -0.443398 0.0026924
480 0.799427 0.613357 -0.443349 0.00268723
481 0.799427 0.613357 -0.443422 0.00268264
482 0.799427 0.613357 -0.443359 0.00267782
483 0.799427 0.613357 -0.443302 0.00267286
484 0.799427 0.613357 -0.443218 0.00266867
485 0.799427 0.613357 -0.443262 0.00266354
486 0.799427 0.613357 -0.443169 0.0026597
487 0.799427 0.613357 -0.443196 0.00265437
488 0.799427 0.613357 -0.443166 0.00264909
489 0.799427 0.613357 -0.443262 0.00264542
490 0.799427 0.613357 -0.443352 0.00264156
491 0.799427 0.613357 -0.4433 0.0026367
492 0.799427 0.613357 -0.443276 0.00263144
493 0.799427 0.613357 -0.443224 0.00262661
494 0.799427 0.613357 -0.44325 0.00262141
495 0.799427 0.613357 -0.443412 0.00262115
496 0.799427 0.613357 -0.443351 0.00261656
497 0.799427 0.613357 -0.443278 0.00261232
498 0.799427 0.613357 -0.443284 0.00260707
499 0.799427 0.613357 -0.44333 0.00260225
500 0.799427 0.613357 -0.443457 0.00260016
