-3.98 0
-3.94 0
-3.9 0
-3.86 0
-3.82 0
-3.78 0
-3.74 0
-3.7 0
-3.66 0
-3.62 0
-3.58 0
-3.54 0
-3.5 0
-3.46 0
-3.42 0
-3.38 0
-3.34 0
-3.3 0
-3.26 0
-3.22 0
-3.18 0
-3.14 0
-3.1 0
-3.06 0
-3.02 0
-2.98 0
-2.94 0
-2.9 0
-2.86 0
-2.82 0
-2.78 0
-2.74 0
-2.7 0
-2.66 0
-2.62 0
-2.58 0
-2.54 0
-2.5 0
-2.46 0
-2.42 1
-2.38 2
-2.34 6
-2.3 6
-2.26 11
-2.22 6
-2.18 13
-2.14 7
-2.1 16
-2.06 25
-2.02 31
-1.98 42
-1.94 71
-1.9 69
-1.86 61
-1.82 132
-1.78 132
-1.74 131
-1.7 170
-1.66 196
-1.62 249
-1.58 292
-1.54 379
-1.5 412
-1.46 486
-1.42 556
-1.38 621
-1.34 696
-1.3 780
-1.26 823
-1.22 980
-1.18 1027
-1.14 1197
-1.1 1246
-1.06 1286
-1.02 1441
-0.98 1507
-0.94 1571
-0.9 1715
-0.86 1527
-0.82 1672
-0.78 1743
-0.74 1681
-0.7 1713
-0.66 1596
-0.62 1713
-0.58 1587
-0.54 1486
-0.5 1558
-0.46 1400
-0.42 1407
-0.38 1348
-0.34 1373
-0.3 1350
-0.26 1303
-0.22 1123
-0.18 1214
-0.14 1195
-0.1 1161
-0.06 1185
-0.02 1187
0.02 1188
0.06 1208
0.1 1201
0.14 1180
0.18 1303
0.22 1233
0.26 1288
0.3 1428
0.34 1380
0.38 1339
0.42 1463
0.46 1476
0.5 1415
0.54 1606
0.58 1576
0.62 1569
0.66 1676
0.7 1599
0.74 1625
0.78 1727
0.82 1657
0.86 1620
0.9 1574
0.94 1467
0.98 1519
1.02 1306
1.06 1344
1.1 1351
1.14 1175
1.18 1130
1.22 986
1.26 858
1.3 815
1.34 758
1.38 602
1.42 523
1.46 478
1.5 392
1.54 384
1.58 281
1.62 229
1.66 243
1.7 189
1.74 128
1.78 107
1.82 107
1.86 85
1.9 63
1.94 48
1.98 45
2.02 37
2.06 37
2.1 22
2.14 10
2.18 13
2.22 11
2.26 2
2.3 1
2.34 2
2.38 1
2.42 0
2.46 0
2.5 0
2.54 0
2.58 0
2.62 0
2.66 4
2.7 2
2.74 0
2.78 0
2.82 0
2.86 0
2.9 0
2.94 0
2.98 0
3.02 0
3.06 0
3.1 0
3.14 0
3.18 0
3.22 0
3.26 0
3.3 0
3.34 0
3.38 0
3.42 0
3.46 0
3.5 0
3.54 0
3.58 0
3.62 0
3.66 0
3.7 0
3.74 0
3.78 0
3.82 0
3.86 0
3.9 0
3.94 0
3.98 0
