1 1.55474 1.55474 0
2 1.51948 1.48422 0.0352598
3 1.48546 1.41741 0.039649
4 1.48296 1.47547 0.0281471
5 1.49203 1.52832 0.0236147
6 1.49939 1.53617 0.0206368
7 1.49744 1.48576 0.0175496
8 1.50172 1.53163 0.0157879
9 1.50422 1.52424 0.0141466
10 1.51087 1.57069 0.0142927
11 1.50065 1.39844 0.0164801
12 1.50523 1.55567 0.0157276
13 1.50211 1.46462 0.0148006
14 1.50006 1.47342 0.0138552
15 1.50194 1.52826 0.0130348
16 1.50291 1.51744 0.0122313
17 1.50362 1.51494 0.0115111
18 1.51086 1.63394 0.0130463
19 1.50709 1.43922 0.0129037
20 1.50462 1.45774 0.0124877
21 1.50221 1.45409 0.0121194
22 1.50176 1.49237 0.0115641
23 1.50521 1.58107 0.0115753
24 1.50415 1.47973 0.0111332
25 1.50584 1.54634 0.0108112
26 1.5061 1.51252 0.0103902
27 1.50519 1.48169 0.0100388
28 1.50108 1.39003 0.0105116
29 1.50153 1.51408 0.0101525
30 1.49995 1.4542 0.00993434
31 1.50172 1.55471 0.00976956
32 1.50266 1.53195 0.0095064
33 1.50241 1.49441 0.00921722
34 1.50062 1.44137 0.00912044
35 1.50114 1.51891 0.00887144
36 1.50217 1.53818 0.00868267
37 1.502 1.49589 0.00844644
38 1.50085 1.45841 0.00830078
39 1.5018 1.53784 0.00814057
40 1.4999 1.4258 0.00815875
41 1.49991 1.50053 0.00795728
42 1.49891 1.45756 0.00783073
43 1.49746 1.43656 0.00778269
44 1.49572 1.42101 0.00779971
45 1.49803 1.59954 0.00796583
46 1.49929 1.55618 0.00789264
47 1.49901 1.48628 0.00772785
48 1.49943 1.5189 0.00757648
49 1.49733 1.39682 0.00771004
50 1.49746 1.50377 0.00755537
51 1.49643 1.44455 0.00747807
52 1.49743 1.54888 0.00740191
53 1.49809 1.53229 0.00729063
54 1.5006 1.63355 0.00758137
55 1.50248 1.60373 0.00767484
56 1.49966 1.34497 0.00804427
57 1.4999 1.51332 0.00790551
58 1.50174 1.6063 0.00798169
59 1.50271 1.5593 0.00790567
60 1.50296 1.51734 0.00777661
61 1.50396 1.56446 0.00771424
62 1.50344 1.47124 0.00760712
63 1.5037 1.51998 0.00749001
64 1.50357 1.49516 0.00737326
65 1.50324 1.48223 0.00726635
66 1.50238 1.44654 0.00720679
67 1.50227 1.49507 0.00709925
68 1.50081 1.40318 0.00714427
69 1.49968 1.42254 0.00713076
70 1.49991 1.51601 0.00703203
71 1.50019 1.51962 0.00693784
72 1.50043 1.51765 0.0068451
73 1.4998 1.45399 0.00678059
74 1.50082 1.57586 0.00676687
75 1.50141 1.54515 0.00670214
76 1.50121 1.48589 0.00661652
77 1.5011 1.49297 0.0065309
78 1.50319 1.66391 0.00677611
79 1.50413 1.57751 0.00675561
80 1.50275 1.39403 0.00681112
81 1.50232 1.46797 0.0067402
82 1.50303 1.55982 0.00669432
83 1.50207 1.42344 0.00668233
84 1.50233 1.52377 0.00660735
85 1.5034 1.59334 0.00661637
86 1.50361 1.52202 0.00654257
87 1.50429 1.56287 0.0065027
88 1.50465 1.53552 0.00643817
89 1.50531 1.56351 0.00639968
90 1.50457 1.43912 0.00637077
91 1.50548 1.58704 0.00636521
92 1.50487 1.44906 0.00632544
93 1.50471 1.48984 0.00625914
94 1.50403 1.44123 0.00622891
95 1.50374 1.47681 0.00616965
96 1.50335 1.46552 0.00611802
97 1.50319 1.4883 0.0060566
98 1.50327 1.51077 0.00599498
99 1.50386 1.56189 0.00596359
100 1.50432 1.54935 0.00592115
101 1.50414 1.48631 0.00586494
102 1.50404 1.49402 0.00580801
103 1.50299 1.39649 0.00584536
104 1.50376 1.58273 0.00583944
105 1.50368 1.49496 0.00578416
106 1.50458 1.59936 0.00580001
107 1.50498 1.54775 0.0057597
108 1.50383 1.38006 0.00582217
109 1.50388 1.50993 0.00576878
110 1.50364 1.47686 0.00572137
111 1.50406 1.55031 0.00568516
112 1.50289 1.37351 0.00575349
113 1.50333 1.5528 0.00571943
114 1.5034 1.51086 0.00566942
115 1.50267 1.42006 0.00566643
116 1.50245 1.47711 0.00562169
117 1.50157 1.39875 0.00564348
118 1.50109 1.44482 0.00561607
119 1.5017 1.57387 0.00560217
120 1.50104 1.42278 0.00559408
121 1.50063 1.45133 0.00556285
122 1.50035 1.46698 0.00552396
123 1.49983 1.43582 0.00550392
124 1.49993 1.51208 0.00546025
125 1.49846 1.31584 0.00561303
126 1.49842 1.49339 0.00556845
127 1.499 1.57273 0.00555533
128 1.49927 1.53408 0.00551857
129 1.49915 1.48313 0.00547705
130 1.49901 1.48121 0.00543651
131 1.49912 1.51352 0.00539599
132 1.49886 1.46437 0.00536142
133 1.49948 1.58106 0.00535673
134 1.49929 1.47457 0.00531986
135 1.49941 1.51546 0.00528166
136 1.49945 1.5048 0.00524283
137 1.49979 1.54597 0.00521548
138 1.49965 1.48039 0.00517946
139 1.49934 1.45652 0.00515142
140 1.49988 1.5748 0.00514281
141 1.49969 1.47326 0.00510969
142 1.49978 1.51236 0.00507437
143 1.50046 1.59656 0.005084
144 1.50036 1.48714 0.00504942
145 1.49989 1.43221 0.00503646
146 1.5 1.51566 0.00500301
147 1.50003 1.50412 0.00496894
148 1.50049 1.56759 0.00495632
149 1.5001 1.44293 0.00493807
150 1.4999 1.46989 0.00490917
151 1.49977 1.48112 0.00487814
152 1.49943 1.44824 0.00485779
153 1.49961 1.52686 0.00482926
154 1.49966 1.50691 0.00479803
155 1.50019 1.58128 0.00479597
156 1.50071 1.58203 0.00479393
157 1.50015 1.41316 0.00479583
158 1.49999 1.47447 0.00476815
159 1.49899 1.34096 0.00484248
160 1.49884 1.47529 0.0048144
161 1.49937 1.58369 0.00481334
162 1.49952 1.52371 0.0047859
163 1.49967 1.5239 0.00475879
164 1.49972 1.5081 0.00472997
165 1.50043 1.61592 0.00475367
166 1.50043 1.50085 0.00472494
167 1.5001 1.44535 0.00470813
168 1.49998 1.48011 0.00468154
169 1.50004 1.51059 0.00465418
170 1.49982 1.46272 0.00463192
171 1.50027 1.57609 0.00462631
172 1.50001 1.45571 0.00460662
173 1.50014 1.52237 0.00458174
174 1.50035 1.53738 0.00456036
175 1.49986 1.41374 0.00456116
176 1.50047 1.60677 0.00457567
177 1.49994 1.40749 0.00457997
178 1.49982 1.47845 0.00455577
179 1.49983 1.50208 0.00453026
180 1.49994 1.51981 0.00450639
181 1.50022 1.54978 0.00448987
182 1.5004 1.53283 0.00446873
183 1.50054 1.52699 0.00444662
184 1.5002 1.43826 0.00443532
185 1.49994 1.45161 0.00441909
186 1.49976 1.46526 0.00439923
187 1.50007 1.55768 0.00438659
188 1.49974 1.43817 0.0043756
189 1.49982 1.51585 0.00435322
190 1.49976 1.4877 0.00433071
191 1.50016 1.5758 0.00432634
192 1.50006 1.48213 0.00430477
193 1.50005 1.498 0.00428242
194 1.50036 1.55943 0.00427127
195 1.50083 1.59349 0.00427607
196 1.50021 1.37804 0.00430008
197 1.49993 1.44442 0.00428756
198 1.50048 1.60986 0.00430184
199 1.50056 1.51668 0.00428094
200 1.50065 1.51892 0.00426047
