1 1.58007 1.58007 0
2 1.55639 1.53272 0.0236721
3 1.53183 1.48269 0.0281133
4 1.52289 1.49608 0.0217954
5 1.53542 1.58552 0.0210215
6 1.5371 1.54554 0.0172468
7 1.52995 1.48703 0.0162372
8 1.52391 1.48163 0.0153039
9 1.53337 1.60904 0.0164812
10 1.53805 1.58021 0.0154676
11 1.53244 1.47635 0.0150735
12 1.53228 1.53049 0.0137611
13 1.52985 1.50069 0.0128895
14 1.5252 1.46478 0.0128065
15 1.52911 1.58373 0.0125445
16 1.52616 1.48199 0.0120982
17 1.5257 1.51835 0.0113735
18 1.522 1.4591 0.0113435
19 1.52182 1.51865 0.0107313
20 1.51712 1.4277 0.0112158
21 1.51995 1.5765 0.0110368
22 1.51826 1.48294 0.0106568
23 1.51567 1.45869 0.0105071
24 1.51757 1.56108 0.0102362
25 1.51541 1.46377 0.0100512
26 1.51226 1.43331 0.0101601
27 1.51088 1.47515 0.00987268
28 1.50908 1.46031 0.0096835
29 1.5084 1.48946 0.00936808
30 1.50794 1.49451 0.00906225
31 1.50778 1.50321 0.00876637
32 1.50916 1.55182 0.00859886
33 1.50672 1.42875 0.0086831
34 1.50582 1.47614 0.00847174
35 1.5056 1.49796 0.0082292
36 1.50357 1.43239 0.00825187
37 1.5036 1.50489 0.00802582
38 1.50359 1.50336 0.00781177
39 1.50237 1.45564 0.00770753
40 1.50149 1.4675 0.00756277
41 1.50155 1.50386 0.00737623
42 1.50021 1.44512 0.00732279
43 1.50151 1.55619 0.00726803
44 1.50103 1.48052 0.00711692
45 1.49897 1.40808 0.00725716
46 1.49888 1.49475 0.00709824
47 1.49971 1.53803 0.00699537
48 1.5031 1.66273 0.00764399
49 1.50325 1.51043 0.00748786
50 1.50409 1.54506 0.00738407
51 1.50555 1.57843 0.00738315
52 1.50439 1.4451 0.00733252
53 1.50483 1.52808 0.00720672
54 1.50501 1.51425 0.00707415
55 1.50424 1.46288 0.00698644
56 1.50539 1.56852 0.00695592
57 1.50414 1.43423 0.00694591
58 1.50519 1.56524 0.00690591
59 1.50459 1.4698 0.00681431
60 1.50263 1.38656 0.00698264
61 1.50279 1.51268 0.0068692
62 1.50318 1.52669 0.00676848
63 1.5042 1.56777 0.00673862
64 1.505 1.5551 0.00668
65 1.50507 1.50992 0.00657686
66 1.50555 1.53624 0.00649364
67 1.50368 1.38043 0.00666301
68 1.5033 1.47812 0.00657504
69 1.50289 1.47512 0.00649192
70 1.50395 1.57692 0.0064853
71 1.50409 1.51351 0.00639472
72 1.50501 1.57094 0.00637328
73 1.50407 1.43573 0.00635662
74 1.50335 1.45124 0.00631064
75 1.50381 1.53783 0.00624287
76 1.50288 1.4327 0.00623084
77 1.50265 1.48564 0.00615346
78 1.5041 1.61524 0.00624323
79 1.50314 1.42829 0.00623793
80 1.50224 1.4311 0.00622494
81 1.50312 1.57366 0.00621052
82 1.50361 1.54381 0.00615436
83 1.50396 1.53242 0.00608965
84 1.50397 1.50505 0.00601673
85 1.50451 1.54933 0.00596942
86 1.50365 1.43074 0.00596162
87 1.50369 1.50755 0.00589287
88 1.5025 1.39872 0.00594641
89 1.50249 1.50164 0.00587922
90 1.50258 1.51028 0.00581417
91 1.50215 1.46382 0.00576568
92 1.50219 1.50556 0.00570279
93 1.50227 1.50999 0.00564176
94 1.50328 1.59705 0.00567176
95 1.50281 1.45839 0.0056316
96 1.5035 1.56945 0.00561571
97 1.50361 1.5142 0.0055586
98 1.50437 1.57791 0.00555358
99 1.50389 1.45657 0.00551836
100 1.50415 1.52986 0.00546907
101 1.50414 1.50381 0.00541465
102 1.50424 1.51426 0.00536222
103 1.5039 1.46927 0.00532075
104 1.50456 1.57242 0.00531036
105 1.50461 1.50947 0.00525975
106 1.50408 1.4486 0.00523663
107 1.50424 1.52058 0.00518975
108 1.50392 1.46972 0.0051514
109 1.50358 1.46713 0.00511507
110 1.50292 1.43127 0.0051108
111 1.50324 1.53884 0.00507487
112 1.50406 1.59445 0.00509485
113 1.50413 1.51159 0.00505
114 1.50296 1.37087 0.00514017
115 1.50404 1.62751 0.00520912
116 1.50403 1.50251 0.00516404
117 1.50452 1.56143 0.00514316
118 1.50483 1.54158 0.00510905
119 1.50525 1.55486 0.00508335
120 1.50561 1.54786 0.0050533
121 1.50534 1.4739 0.00501821
122 1.50583 1.56473 0.00500065
123 1.5058 1.50136 0.00495996
124 1.50645 1.58727 0.00496348
125 1.50588 1.43443 0.00495721
126 1.50553 1.46261 0.00492969
127 1.50584 1.54496 0.00490056
128 1.50597 1.52152 0.00486367
129 1.50651 1.57639 0.0048566
130 1.50604 1.44573 0.00484172
131 1.50561 1.44946 0.004824
132 1.50484 1.40309 0.00484991
133 1.50405 1.39991 0.00487752
134 1.50439 1.55028 0.00485326
135 1.50458 1.52988 0.00482088
136 1.50445 1.48742 0.00478696
137 1.50455 1.51819 0.00475295
138 1.50476 1.53318 0.00472294
139 1.50512 1.55451 0.00470248
140 1.50519 1.51527 0.00466933
141 1.50475 1.44353 0.00465668
142 1.50431 1.44193 0.00464489
143 1.5045 1.53147 0.0046162
144 1.5039 1.41711 0.00462403
145 1.50415 1.54045 0.00459895
146 1.50361 1.42515 0.00459928
147 1.50306 1.42354 0.00460024
148 1.50279 1.46245 0.00457729
149 1.50282 1.5071 0.00454656
150 1.502 1.38094 0.00458865
151 1.50145 1.41777 0.00459217
152 1.50147 1.5047 0.00456191
153 1.50149 1.50525 0.00453207
154 1.50121 1.45753 0.00451158
155 1.50221 1.65713 0.00459387
156 1.50213 1.48883 0.00456514
157 1.50195 1.47391 0.00453953
158 1.50211 1.52835 0.0045138
159 1.50233 1.53606 0.0044904
160 1.50213 1.47007 0.0044668
161 1.50221 1.51497 0.00443968
162 1.5022 1.50151 0.0044122
163 1.5024 1.53489 0.00438963
164 1.50284 1.5737 0.00438439
165 1.50278 1.49411 0.00435806
166 1.50257 1.46702 0.00433708
167 1.50253 1.49581 0.00431122
168 1.50233 1.46982 0.0042899
169 1.50291 1.59899 0.00430262
170 1.50241 1.41887 0.00430571
171 1.50236 1.49372 0.00428076
172 1.5022 1.47528 0.00425871
173 1.50192 1.45334 0.00424343
174 1.50263 1.62503 0.00427789
175 1.50218 1.42401 0.00427703
176 1.50204 1.47851 0.00425478
177 1.50201 1.496 0.00423082
178 1.50239 1.56957 0.00422406
179 1.50243 1.50928 0.00420058
180 1.50302 1.60816 0.00421827
181 1.5033 1.55375 0.00420426
182 1.50309 1.46612 0.00418608
183 1.50332 1.54539 0.00416955
184 1.50331 1.50123 0.00414684
185 1.50351 1.54055 0.00412928
186 1.50411 1.61548 0.0041509
187 1.50346 1.38172 0.0041802
188 1.50344 1.49889 0.00415798
189 1.50327 1.47293 0.00413907
190 1.50299 1.44949 0.00412694
191 1.50289 1.48414 0.00410647
192 1.50272 1.46959 0.0040887
193 1.50335 1.62493 0.00411645
194 1.50263 1.36392 0.00415777
195 1.50287 1.54932 0.00414331
196 1.503 1.52859 0.00412421
197 1.50348 1.59631 0.00413046
198 1.50342 1.49234 0.00410993
199 1.5031 1.43921 0.00410194
200 1.50302 1.48795 0.00408208
