1 5.02401 5.02401 0
2 5.05698 5.08995 0.0329686
3 4.97871 4.82218 0.0805482
4 4.96669 4.93062 0.0582116
5 4.98068 5.03662 0.0472096
6 4.99858 5.08809 0.0425011
7 5.00784 5.06339 0.0370939
8 5.00705 5.00155 0.0321339
9 5.01856 5.11065 0.030588
10 5.01897 5.02265 0.0273618
11 5.01224 4.94497 0.0256476
12 4.99034 4.7494 0.0320618
13 4.98375 4.90468 0.0302197
14 4.98926 5.06088 0.0285152
15 4.98988 4.99853 0.0265534
16 4.98178 4.86024 0.0261266
17 4.97618 4.88665 0.0251715
18 4.97849 5.0178 0.0238443
19 4.98585 5.11829 0.0237243
20 4.97549 4.77862 0.0247773
21 4.98251 5.12291 0.0245913
22 4.98206 4.9726 0.0234512
23 4.9854 5.05884 0.0226557
24 4.98295 4.92667 0.0218287
25 4.98299 4.98383 0.0209374
26 4.98682 5.08278 0.0204789
27 4.98073 4.82219 0.0206277
28 4.97946 4.9453 0.0199176
29 4.98369 5.10217 0.0196788
30 4.98093 4.90086 0.0192109
31 4.98028 4.96086 0.0185922
32 4.97772 4.89812 0.018184
33 4.98293 5.14966 0.0183784
34 4.98408 5.02202 0.0178667
35 4.98462 5.00325 0.0173574
36 4.98975 5.16931 0.0176312
37 4.99184 5.06699 0.0172747
38 4.99488 5.10732 0.0170863
39 5.00335 5.32513 0.018673
40 5.00203 4.95061 0.0182479
41 4.99787 4.83128 0.018278
42 4.9998 5.07924 0.0179424
43 5.0013 5.06435 0.0175844
44 4.99449 4.7014 0.0184828
45 4.99595 5.06006 0.018126
46 4.99832 5.10535 0.0178864
47 4.99706 4.93897 0.0175472
48 4.99861 5.07163 0.0172479
49 4.99751 4.94429 0.0169286
50 4.99445 4.84482 0.0168653
51 4.99338 4.93972 0.0165661
52 4.99887 5.27907 0.0171484
53 4.99983 5.04947 0.0168488
54 4.99846 4.92581 0.0165905
55 5.00078 5.1261 0.0164506
56 5.00169 5.0521 0.0161802
57 4.99688 4.72754 0.0166056
58 4.99846 5.08802 0.0163922
59 5.00428 5.34232 0.0171337
60 5.00447 5.01526 0.0168467
61 5.00254 4.88698 0.0166798
62 5.0026 5.00613 0.0164087
63 5.00182 4.95355 0.0161649
64 5.00447 5.17117 0.0161289
65 5.00589 5.09729 0.0159429
66 5.00539 4.97242 0.0157077
67 5.00467 4.95756 0.0154879
68 5.00197 4.82069 0.0154965
69 4.99688 4.65091 0.0160955
70 4.99784 5.06424 0.0158931
71 4.9976 4.98068 0.0156695
72 4.99866 5.07385 0.0154866
73 4.99574 4.78555 0.0155495
74 4.9964 5.0449 0.0153523
75 4.99691 5.03427 0.0151546
76 4.9974 5.03394 0.0149618
77 4.9989 5.11328 0.0148427
78 4.99811 4.93724 0.0146725
79 5.00013 5.158 0.0146263
80 4.99772 4.80732 0.014642
81 5.0004 5.21452 0.0147058
82 5.00072 5.02676 0.0145289
83 5.00134 5.05193 0.014366
84 5.00312 5.15104 0.0143054
85 5.00406 5.08279 0.0141671
86 5.00275 4.89145 0.0140625
87 5.00411 5.12132 0.0139666
88 5.00175 4.79652 0.0140071
89 4.99942 4.79377 0.0140446
90 5.00162 5.19734 0.0140607
91 5.0033 5.15479 0.0140068
92 5.00595 5.24701 0.0141047
93 5.0054 4.95459 0.0139632
94 5.004 4.87426 0.0138841
95 5.00198 4.81224 0.0138847
96 4.99986 4.79816 0.0139024
97 5.00121 5.13065 0.0138242
98 5.0031 5.18689 0.013813
99 5.00238 4.93174 0.0136917
100 5.00332 5.0965 0.0135868
101 5.00345 5.01661 0.0134522
102 5.00246 4.90208 0.0133567
103 5.00128 4.88053 0.0132793
104 5.00341 5.22316 0.0133229
105 5.00276 4.93491 0.0132115
106 5.0026 4.98617 0.0130872
107 5.00449 5.2049 0.0131015
108 5.00385 4.93474 0.0129957
109 5.00335 4.95012 0.0128853
110 5.00222 4.87884 0.0128177
111 5.00522 5.33538 0.0130515
112 5.00515 4.99728 0.0129347
113 5.00819 5.34854 0.0131749
114 5.00771 4.95354 0.0130676
115 5.00721 4.94993 0.0129633
116 5.00712 4.99746 0.0128513
117 5.00463 4.71538 0.0129827
118 5.00399 4.9286 0.0128883
119 5.00461 5.07757 0.0127945
120 5.00367 4.89278 0.0127216
121 5.00379 5.01732 0.0126165
122 5.00378 5.00306 0.0125127
123 5.00622 5.30331 0.0126472
124 5.00442 4.78322 0.0126731
125 5.00322 4.85509 0.0126279
126 5.00327 5.00926 0.0125274
127 5.00496 5.21813 0.012543
128 5.00551 5.07515 0.0124567
129 5.00393 4.80117 0.0124608
130 5.00472 5.10757 0.0123903
131 5.00624 5.20304 0.0123882
132 5.00641 5.02903 0.0122952
133 5.00832 5.26067 0.0123512
134 5.0093 5.13999 0.012298
135 5.00855 4.90811 0.0122296
136 5.00756 4.87332 0.01218
137 5.00906 5.21269 0.0121831
138 5.00789 4.84787 0.0121508
139 5.00769 4.97981 0.0120647
140 5.00702 4.91452 0.0119967
141 5.00693 4.9942 0.0119117
142 5.00641 4.93278 0.011839
143 5.00623 4.98062 0.0117573
144 5.00672 5.07747 0.0116859
145 5.00713 5.06558 0.0116121
146 5.00659 4.92854 0.0115448
147 5.0085 5.28658 0.0116231
148 5.00837 4.98969 0.011545
149 5.00712 4.82299 0.0115346
150 5.00633 4.88837 0.0114848
151 5.00633 5.00536 0.0114084
152 5.00694 5.09926 0.0113496
153 5.00685 4.99308 0.0112756
154 5.00632 4.92601 0.0112144
155 5.00793 5.25615 0.0112578
156 5.00771 4.97366 0.0111876
157 5.00747 4.96976 0.0111187
158 5.00721 4.96665 0.0110511
159 5.00598 4.81092 0.0110506
160 5.00476 4.81104 0.0110487
161 5.0055 5.12291 0.0110043
162 5.00678 5.21349 0.0110113
163 5.00649 4.9604 0.0109472
164 5.00666 5.03393 0.0108816
165 5.00668 5.01022 0.0108154
166 5.00597 4.88885 0.0107735
167 5.00502 4.84695 0.010751
168 5.00451 4.91871 0.0106992
169 5.00353 4.8394 0.0106805
170 5.00184 4.71609 0.0107513
171 5.00231 5.08149 0.0106983
172 5.00204 4.95595 0.0106394
173 5.00378 5.30391 0.0107207
174 5.00335 4.92913 0.0106675
175 5.00263 4.87637 0.0106312
176 5.00205 4.90163 0.0105861
177 5.00161 4.92405 0.0105354
178 5.00076 4.85047 0.0105104
179 5.00269 5.34609 0.0106281
180 5.00266 4.99715 0.0105689
181 5.00276 5.02136 0.0105109
182 5.00314 5.07151 0.0104598
183 5.00428 5.21194 0.0104648
184 5.00431 5.00999 0.0104079
185 5.00497 5.12539 0.0103721
186 5.00454 4.9258 0.010325
187 5.00503 5.09555 0.0102811
188 5.00423 4.85474 0.0102575
189 5.00417 4.99359 0.0102032
190 5.00359 4.89382 0.010166
191 5.00357 4.99935 0.0101127
192 5.00325 4.94267 0.0100649
193 5.00317 4.98623 0.010013
194 5.00317 5.00378 0.00996121
195 5.00337 5.04207 0.009912
196 5.00147 4.63155 0.0100421
197 5.00143 4.993 0.0099911
198 5.00124 4.96478 0.00994224
199 5.00187 5.12583 0.00991194
200 5.00223 5.07389 0.00986883
