1 5.16074 5.16074 0
2 5.0863 5.01187 0.0744357
3 5.05094 4.98023 0.0556515
4 5.02213 4.93567 0.0487751
5 5.02094 5.01622 0.0377995
6 5.0256 5.04891 0.031213
7 5.02307 5.00787 0.0265012
8 5.02973 5.07636 0.0238977
9 5.03321 5.06102 0.0213607
10 5.03887 5.08979 0.0199257
11 5.04103 5.06263 0.0181524
12 5.05096 5.16023 0.0193203
13 5.03188 4.8029 0.026076
14 5.00703 4.68403 0.0346435
15 5.02188 5.22969 0.0355033
16 5.02857 5.12896 0.033878
17 5.02791 5.0173 0.0318297
18 5.02048 4.89417 0.0309154
19 5.02283 5.06516 0.0293375
20 5.01769 4.92001 0.0283028
21 5.02049 5.07663 0.0270672
22 5.02118 5.03556 0.0258166
23 5.01801 4.94821 0.0248718
24 5.01192 4.872 0.0245778
25 5.0137 5.0563 0.0236409
26 5.01222 4.97521 0.0227617
27 5.00919 4.93062 0.0221099
28 5.00697 4.947 0.0214212
29 5.00732 5.01709 0.0206722
30 5.00571 4.95901 0.0200361
31 5.00412 4.9565 0.0194439
32 5.00185 4.93142 0.0189631
33 4.99766 4.86362 0.0188508
34 4.99166 4.79357 0.0192479
35 4.99401 5.07377 0.0188365
36 4.98975 4.84094 0.0187931
37 4.98713 4.89257 0.0184659
38 4.99223 5.18098 0.0186833
39 4.99797 5.21614 0.0190822
40 5.00078 5.11036 0.0188101
41 5.00271 5.07984 0.0184466
42 5.00191 4.96902 0.0180199
43 5.00655 5.20167 0.0181988
44 5.0096 5.1407 0.0180399
45 5.00799 4.93718 0.0177078
46 5.00781 4.99973 0.0173195
47 5.0088 5.05446 0.016976
48 5.01077 5.1029 0.0167338
49 5.01073 5.00906 0.0163888
50 5.01065 5.00661 0.0160578
51 5.01403 5.18321 0.0160994
52 5.01378 5.00082 0.0157888
53 5.01256 4.94937 0.0155357
54 5.01438 5.11063 0.015353
55 5.01419 5.00394 0.0150725
56 5.01753 5.20109 0.0151725
57 5.01845 5.07041 0.0149328
58 5.02113 5.17388 0.0149158
59 5.02277 5.11745 0.0147514
60 5.0186 4.77255 0.0150911
61 5.01749 4.95141 0.0148825
62 5.01989 5.16583 0.0148347
63 5.02572 5.38766 0.0157213
64 5.02572 5.02552 0.0154737
65 5.0254 5.00456 0.0152373
66 5.02659 5.10431 0.0150522
67 5.02607 4.9917 0.014835
68 5.02738 5.11506 0.0146737
69 5.0237 4.77347 0.0149204
70 5.0254 5.1424 0.0148031
71 5.02653 5.10626 0.0146375
72 5.02656 5.02836 0.0144328
73 5.02676 5.04116 0.0142351
74 5.02573 4.95043 0.0140793
75 5.02396 4.89282 0.0140029
76 5.02227 4.89618 0.0139193
77 5.02239 5.03128 0.0137378
78 5.0239 5.13982 0.0136439
79 5.02223 4.89202 0.0135731
80 5.02265 5.05594 0.013409
81 5.02147 4.9268 0.0132952
82 5.02324 5.16659 0.0132508
83 5.02358 5.05184 0.0130947
84 5.02668 5.28395 0.013304
85 5.02487 4.87265 0.0132708
86 5.02221 4.79655 0.0133816
87 5.02587 5.34062 0.0137239
88 5.02417 4.87646 0.0136729
89 5.02471 5.07193 0.013529
90 5.02409 4.96884 0.0133923
91 5.02176 4.81201 0.0134478
92 5.01949 4.8128 0.0134933
93 5.01751 4.83523 0.0134937
94 5.01718 4.9865 0.0133534
95 5.01729 5.02825 0.0132126
96 5.01967 5.24554 0.0132887
97 5.01948 5.0007 0.0131525
98 5.02051 5.12059 0.0130584
99 5.01881 4.85247 0.0130368
100 5.02042 5.18011 0.0130062
101 5.01861 4.837 0.0130042
102 5.02023 5.18381 0.0129775
103 5.02019 5.0169 0.0128509
104 5.02174 5.18073 0.01282
105 5.02312 5.16703 0.0127725
106 5.02242 4.94892 0.0126708
107 5.02244 5.02428 0.0125518
108 5.02158 4.92945 0.0124649
109 5.01947 4.79209 0.0125281
110 5.01822 4.88131 0.0124771
111 5.01867 5.06861 0.0123725
112 5.0215 5.33553 0.0125837
113 5.02117 4.98456 0.0124761
114 5.01987 4.873 0.0124343
115 5.02144 5.20028 0.0124252
116 5.02169 5.05002 0.01232
117 5.0199 4.81221 0.0123448
118 5.02078 5.12413 0.0122716
119 5.02232 5.20432 0.0122654
120 5.02397 5.22023 0.012274
121 5.02346 4.96223 0.0121829
122 5.02325 4.99808 0.0120844
123 5.02388 5.10046 0.0120022
124 5.02425 5.0695 0.0119107
125 5.02445 5.04899 0.0118167
126 5.02492 5.08412 0.0117321
127 5.0242 4.93323 0.0116617
128 5.0224 4.79366 0.0117096
129 5.02422 5.25744 0.0117604
130 5.02203 4.73962 0.0118732
131 5.0208 4.8607 0.0118464
132 5.01893 4.77437 0.0119036
133 5.01938 5.07806 0.0118222
134 5.02025 5.13587 0.0117658
135 5.01886 4.8336 0.0117598
136 5.01776 4.86923 0.0117248
137 5.01823 5.08207 0.0116483
138 5.01882 5.09874 0.0115783
139 5.0183 4.94764 0.0115061
140 5.01744 4.89705 0.0114564
141 5.01693 4.94567 0.0113863
142 5.0151 4.75741 0.0114526
143 5.01351 4.78743 0.0114831
144 5.01208 4.80821 0.0114919
145 5.01271 5.10271 0.0114294
146 5.01206 4.91752 0.0113696
147 5.01149 4.92904 0.0113061
148 5.01037 4.84517 0.0112855
149 5.00942 4.86882 0.0112497
150 5.00781 4.76854 0.0112893
151 5.00679 4.8532 0.0112609
152 5.00613 4.90647 0.011206
153 5.00616 5.0114 0.0111326
154 5.00504 4.83329 0.0111169
155 5.00634 5.20691 0.0111215
156 5.0057 4.90569 0.0110688
157 5.00579 5.02087 0.0109985
158 5.00534 4.93358 0.0109382
159 5.0063 5.15895 0.010912
160 5.00548 4.87401 0.0108751
161 5.00475 4.8881 0.0108319
162 5.00334 4.77711 0.0108561
163 5.00345 5.02063 0.0107899
164 5.00502 5.26079 0.0108381
165 5.00593 5.15546 0.0108107
166 5.00613 5.03955 0.0107473
167 5.00505 4.82523 0.0107375
168 5.00581 5.13224 0.0107002
169 5.00567 4.98274 0.0106376
170 5.005 4.89172 0.0105961
171 5.00583 5.14716 0.0105667
172 5.00399 4.69006 0.0106643
173 5.00374 4.96073 0.0106054
174 5.00432 5.10434 0.0105601
175 5.00419 4.98186 0.0105004
176 5.00303 4.79899 0.0105054
177 5.00317 5.02802 0.0104469
178 5.00324 5.01484 0.0103882
179 5.0035 5.05108 0.0103335
180 5.00457 5.19484 0.0103307
181 5.00472 5.03306 0.0102747
182 5.0037 4.8188 0.010269
183 5.0042 5.09498 0.0102249
184 5.00328 4.83502 0.0102107
185 5.00374 5.08743 0.0101655
186 5.00473 5.18846 0.0101594
187 5.00394 4.85775 0.0101355
188 5.00488 5.18023 0.0101249
189 5.00424 4.88402 0.0100915
190 5.00403 4.96452 0.0100404
191 5.00401 5.00003 0.00998772
192 5.00317 4.84335 0.00997074
193 5.00353 5.0717 0.0099253
194 5.00291 4.88376 0.00989329
195 5.00323 5.06466 0.00984751
196 5.00367 5.09027 0.0098072
197 5.00398 5.06419 0.00976213
198 5.00489 5.18446 0.00975538
199 5.00506 5.03844 0.0097077
200 5.00396 4.78575 0.00972108
